[12:17:57] / INFO / Universal / [Event.Debug] -> [WS => Manager] Fetched Gateway Information
    URL: wss://gateway.discord.gg
    Recommended Shards: 1
[12:17:57] / INFO / Universal / [Event.Debug] -> [WS => Manager] Session Limit Information
    Total: 1000
    Remaining: 966
[12:17:57] / INFO / Universal / [Event.Debug] -> [WS => Manager] Spawning shards: 0
[12:17:57] / INFO / Universal / [Event.Debug] -> [WS => Shard 0] [CONNECT]
    Gateway    : wss://gateway.discord.gg/
    Version    : 10
    Encoding   : json
    Compression: none
[12:17:57] / INFO / Universal / [Event.Debug] -> [WS => Shard 0] Setting a HELLO timeout for 20s.
[12:17:58] / INFO / Universal / [Event.Debug] -> [WS => Shard 0] [CONNECTED] Took 752ms
[12:17:58] / INFO / Universal / [Event.Debug] -> [WS => Shard 0] Clearing the HELLO timeout.
[12:17:58] / INFO / Universal / [Event.Debug] -> [WS => Shard 0] Setting a heartbeat interval for 41250ms.
[12:17:58] / INFO / Universal / [Event.Debug] -> [WS => Shard 0] [IDENTIFY] Shard 0/1 with intents: 515
[12:17:58] / INFO / Universal / [Handler.LoadCommands] -> 1 Commands Loaded!
[12:17:58] / INFO / Universal / [Event.Debug] -> [WS => Shard 0] [READY] Session bd348f44cfd714cd1c102888f1ead034.
[12:17:58] / INFO / Universal / [Event.Debug] -> [WS => Shard 0] [ReadyHeartbeat] Sending a heartbeat.
[12:17:58] / INFO / Universal / [Client.Start] -> Token Logged in!
[12:17:59] / INFO / Universal / [Handler.LoadCommands] -> 2 Commands Loaded!
[12:17:59] / INFO / Universal / [Event.Debug] -> [WS => Shard 0] Shard received all its guilds. Marking as fully ready.
[12:17:59] / INFO / Universal / [Event.Ready] -> Universal™#0597 is online!
[12:17:59] / INFO / Universal / [Event.Debug] -> [WS => Shard 0] Heartbeat acknowledged, latency of 1179ms.
[12:18:39] / INFO / Universal / [Event.Debug] -> [WS => Shard 0] [HeartbeatTimer] Sending a heartbeat.
[12:18:39] / INFO / Universal / [Event.Debug] -> [WS => Shard 0] Heartbeat acknowledged, latency of 439ms.
[12:19:10] / ERROR / Universal / [Event.InteractionCreate] -> DiscordAPIError[50035]: Invalid Form Body
data.embeds[0].timestamp[DATE_TIME_TYPE_PARSE]: Could not parse 1667155749978. Should be ISO8601.
[12:19:20] / INFO / Universal / [Event.Debug] -> [WS => Shard 0] [HeartbeatTimer] Sending a heartbeat.
[12:19:21] / INFO / Universal / [Event.Debug] -> [WS => Shard 0] Heartbeat acknowledged, latency of 533ms.
[12:20:01] / INFO / Universal / [Event.Debug] -> [WS => Shard 0] [HeartbeatTimer] Sending a heartbeat.
[12:20:02] / INFO / Universal / [Event.Debug] -> [WS => Shard 0] Heartbeat acknowledged, latency of 546ms.
[12:20:43] / INFO / Universal / [Event.Debug] -> [WS => Shard 0] [HeartbeatTimer] Sending a heartbeat.
[12:20:43] / INFO / Universal / [Event.Debug] -> [WS => Shard 0] Heartbeat acknowledged, latency of 456ms.
