[12:20:58] / INFO / Universal / [Event.Debug] -> [WS => Manager] Fetched Gateway Information
    URL: wss://gateway.discord.gg
    Recommended Shards: 1
[12:20:58] / INFO / Universal / [Event.Debug] -> [WS => Manager] Session Limit Information
    Total: 1000
    Remaining: 965
[12:20:58] / INFO / Universal / [Event.Debug] -> [WS => Manager] Spawning shards: 0
[12:20:58] / INFO / Universal / [Event.Debug] -> [WS => Shard 0] [CONNECT]
    Gateway    : wss://gateway.discord.gg/
    Version    : 10
    Encoding   : json
    Compression: none
[12:20:58] / INFO / Universal / [Event.Debug] -> [WS => Shard 0] Setting a HELLO timeout for 20s.
[12:20:59] / INFO / Universal / [Event.Debug] -> [WS => Shard 0] [CONNECTED] Took 701ms
[12:20:59] / INFO / Universal / [Event.Debug] -> [WS => Shard 0] Clearing the HELLO timeout.
[12:20:59] / INFO / Universal / [Event.Debug] -> [WS => Shard 0] Setting a heartbeat interval for 41250ms.
[12:20:59] / INFO / Universal / [Event.Debug] -> [WS => Shard 0] [IDENTIFY] Shard 0/1 with intents: 515
[12:20:59] / INFO / Universal / [Handler.LoadCommands] -> 1 Commands Loaded!
[12:21:00] / INFO / Universal / [Event.Debug] -> [WS => Shard 0] [READY] Session 304ab4b2225fdee283d233c3411ef812.
[12:21:00] / INFO / Universal / [Event.Debug] -> [WS => Shard 0] [ReadyHeartbeat] Sending a heartbeat.
[12:21:00] / INFO / Universal / [Client.Start] -> Token Logged in!
[12:21:00] / INFO / Universal / [Event.Debug] -> [WS => Shard 0] Shard received all its guilds. Marking as fully ready.
[12:21:00] / INFO / Universal / [Event.Ready] -> Universal™#0597 is online!
[12:21:00] / INFO / Universal / [Event.Debug] -> [WS => Shard 0] Heartbeat acknowledged, latency of 514ms.
[12:21:01] / INFO / Universal / [Handler.LoadCommands] -> 2 Commands Loaded!
[12:21:40] / INFO / Universal / [Event.Debug] -> [WS => Shard 0] [HeartbeatTimer] Sending a heartbeat.
[12:21:41] / INFO / Universal / [Event.Debug] -> [WS => Shard 0] Heartbeat acknowledged, latency of 436ms.
