[12:22:06] / INFO / Universal / [Event.Debug] -> [WS => Manager] Fetched Gateway Information
    URL: wss://gateway.discord.gg
    Recommended Shards: 1
[12:22:06] / INFO / Universal / [Event.Debug] -> [WS => Manager] Session Limit Information
    Total: 1000
    Remaining: 964
[12:22:06] / INFO / Universal / [Event.Debug] -> [WS => Manager] Spawning shards: 0
[12:22:06] / INFO / Universal / [Event.Debug] -> [WS => Shard 0] [CONNECT]
    Gateway    : wss://gateway.discord.gg/
    Version    : 10
    Encoding   : json
    Compression: none
[12:22:06] / INFO / Universal / [Event.Debug] -> [WS => Shard 0] Setting a HELLO timeout for 20s.
[12:22:07] / INFO / Universal / [Event.Debug] -> [WS => Shard 0] [CONNECTED] Took 713ms
[12:22:07] / INFO / Universal / [Event.Debug] -> [WS => Shard 0] Clearing the HELLO timeout.
[12:22:07] / INFO / Universal / [Event.Debug] -> [WS => Shard 0] Setting a heartbeat interval for 41250ms.
[12:22:07] / INFO / Universal / [Event.Debug] -> [WS => Shard 0] [IDENTIFY] Shard 0/1 with intents: 515
[12:22:07] / INFO / Universal / [Handler.LoadCommands] -> 1 Commands Loaded!
[12:22:07] / INFO / Universal / [Event.Debug] -> [WS => Shard 0] [READY] Session b51c0843eb98403b68098cb472b4ba88.
[12:22:07] / INFO / Universal / [Event.Debug] -> [WS => Shard 0] [ReadyHeartbeat] Sending a heartbeat.
[12:22:07] / INFO / Universal / [Client.Start] -> Token Logged in!
[12:22:08] / INFO / Universal / [Event.Debug] -> [WS => Shard 0] Shard received all its guilds. Marking as fully ready.
[12:22:08] / INFO / Universal / [Event.Ready] -> Universal™#0597 is online!
[12:22:08] / INFO / Universal / [Event.Debug] -> [WS => Shard 0] Heartbeat acknowledged, latency of 1042ms.
[12:22:08] / INFO / Universal / [Handler.LoadCommands] -> 2 Commands Loaded!
[12:22:48] / INFO / Universal / [Event.Debug] -> [WS => Shard 0] [HeartbeatTimer] Sending a heartbeat.
[12:22:48] / INFO / Universal / [Event.Debug] -> [WS => Shard 0] Heartbeat acknowledged, latency of 440ms.
