[12:24:07] / INFO / Universal / [Event.Debug] -> [WS => Manager] Fetched Gateway Information
    URL: wss://gateway.discord.gg
    Recommended Shards: 1
[12:24:07] / INFO / Universal / [Event.Debug] -> [WS => Manager] Session Limit Information
    Total: 1000
    Remaining: 961
[12:24:07] / INFO / Universal / [Event.Debug] -> [WS => Manager] Spawning shards: 0
[12:24:07] / INFO / Universal / [Event.Debug] -> [WS => Shard 0] [CONNECT]
    Gateway    : wss://gateway.discord.gg/
    Version    : 10
    Encoding   : json
    Compression: none
[12:24:07] / INFO / Universal / [Event.Debug] -> [WS => Shard 0] Setting a HELLO timeout for 20s.
[12:24:07] / INFO / Universal / [Event.Debug] -> [WS => Shard 0] [CONNECTED] Took 706ms
[12:24:07] / INFO / Universal / [Event.Debug] -> [WS => Shard 0] Clearing the HELLO timeout.
[12:24:07] / INFO / Universal / [Event.Debug] -> [WS => Shard 0] Setting a heartbeat interval for 41250ms.
[12:24:07] / INFO / Universal / [Event.Debug] -> [WS => Shard 0] [IDENTIFY] Shard 0/1 with intents: 515
[12:24:08] / INFO / Universal / [Event.Debug] -> [WS => Shard 0] [READY] Session e925510892b1f918de36b8179bf4d278.
[12:24:08] / INFO / Universal / [Event.Debug] -> [WS => Shard 0] [ReadyHeartbeat] Sending a heartbeat.
[12:24:08] / INFO / Universal / [Client.Start] -> Token Logged in!
[12:24:08] / INFO / Universal / [Event.Debug] -> [WS => Shard 0] Shard received all its guilds. Marking as fully ready.
[12:24:08] / INFO / Universal / [Event.Ready] -> Universal™#0597 is online!
[12:24:08] / INFO / Universal / [Event.Debug] -> [WS => Shard 0] Heartbeat acknowledged, latency of 606ms.
