[12:24:11] / INFO / Universal / [Event.Debug] -> [WS => Manager] Fetched Gateway Information
    URL: wss://gateway.discord.gg
    Recommended Shards: 1
[12:24:11] / INFO / Universal / [Event.Debug] -> [WS => Manager] Session Limit Information
    Total: 1000
    Remaining: 960
[12:24:11] / INFO / Universal / [Event.Debug] -> [WS => Manager] Spawning shards: 0
[12:24:11] / INFO / Universal / [Event.Debug] -> [WS => Shard 0] [CONNECT]
    Gateway    : wss://gateway.discord.gg/
    Version    : 10
    Encoding   : json
    Compression: none
[12:24:11] / INFO / Universal / [Event.Debug] -> [WS => Shard 0] Setting a HELLO timeout for 20s.
[12:24:12] / INFO / Universal / [Event.Debug] -> [WS => Shard 0] [CONNECTED] Took 725ms
[12:24:12] / INFO / Universal / [Event.Debug] -> [WS => Shard 0] Clearing the HELLO timeout.
[12:24:12] / INFO / Universal / [Event.Debug] -> [WS => Shard 0] Setting a heartbeat interval for 41250ms.
[12:24:12] / INFO / Universal / [Event.Debug] -> [WS => Shard 0] [IDENTIFY] Shard 0/1 with intents: 515
[12:24:12] / INFO / Universal / [Handler.LoadCommands] -> 1 Commands Loaded!
[12:24:13] / INFO / Universal / [Event.Debug] -> [WS => Shard 0] [INVALID SESSION] Resumable: false.
[12:24:13] / INFO / Universal / [Event.Debug] -> [WS => Shard 0] Failed to connect to the gateway, requeueing...
[12:24:13] / INFO / Universal / [Event.Debug] -> [WS => Manager] Shard Queue Size: 1; continuing in 5 seconds...
[12:24:14] / INFO / Universal / [Handler.LoadCommands] -> 2 Commands Loaded!
[12:24:18] / INFO / Universal / [Event.Debug] -> [WS => Shard 0] An open connection was found, attempting an immediate identify.
[12:24:18] / INFO / Universal / [Event.Debug] -> [WS => Shard 0] [IDENTIFY] Shard 0/1 with intents: 515
[12:24:18] / INFO / Universal / [Event.Debug] -> [WS => Shard 0] [READY] Session f388540bad519c050cc0a98820b5bf86.
[12:24:18] / INFO / Universal / [Event.Debug] -> [WS => Shard 0] [ReadyHeartbeat] Sending a heartbeat.
[12:24:18] / INFO / Universal / [Client.Start] -> Token Logged in!
[12:24:20] / INFO / Universal / [Event.Debug] -> [WS => Shard 0] Shard received all its guilds. Marking as fully ready.
[12:24:20] / INFO / Universal / [Event.Ready] -> Universal™#0597 is online!
[12:24:20] / INFO / Universal / [Event.Debug] -> [WS => Shard 0] Heartbeat acknowledged, latency of 1488ms.
[12:24:53] / INFO / Universal / [Event.Debug] -> [WS => Shard 0] [HeartbeatTimer] Sending a heartbeat.
[12:24:53] / INFO / Universal / [Event.Debug] -> [WS => Shard 0] Heartbeat acknowledged, latency of 523ms.
