[12:26:03] / INFO / Universal / [Event.Debug] -> [WS => Manager] Fetched Gateway Information
    URL: wss://gateway.discord.gg
    Recommended Shards: 1
[12:26:03] / INFO / Universal / [Event.Debug] -> [WS => Manager] Session Limit Information
    Total: 1000
    Remaining: 957
[12:26:03] / INFO / Universal / [Event.Debug] -> [WS => Manager] Spawning shards: 0
[12:26:03] / INFO / Universal / [Event.Debug] -> [WS => Shard 0] [CONNECT]
    Gateway    : wss://gateway.discord.gg/
    Version    : 10
    Encoding   : json
    Compression: none
[12:26:03] / INFO / Universal / [Event.Debug] -> [WS => Shard 0] Setting a HELLO timeout for 20s.
[12:26:04] / INFO / Universal / [Event.Debug] -> [WS => Shard 0] [CONNECTED] Took 699ms
[12:26:04] / INFO / Universal / [Event.Debug] -> [WS => Shard 0] Clearing the HELLO timeout.
[12:26:04] / INFO / Universal / [Event.Debug] -> [WS => Shard 0] Setting a heartbeat interval for 41250ms.
[12:26:04] / INFO / Universal / [Event.Debug] -> [WS => Shard 0] [IDENTIFY] Shard 0/1 with intents: 515
[12:26:05] / INFO / Universal / [Event.Debug] -> [WS => Shard 0] [INVALID SESSION] Resumable: false.
[12:26:05] / INFO / Universal / [Event.Debug] -> [WS => Shard 0] Failed to connect to the gateway, requeueing...
[12:26:05] / INFO / Universal / [Event.Debug] -> [WS => Manager] Shard Queue Size: 1; continuing in 5 seconds...
[12:26:10] / INFO / Universal / [Event.Debug] -> [WS => Shard 0] An open connection was found, attempting an immediate identify.
[12:26:10] / INFO / Universal / [Event.Debug] -> [WS => Shard 0] [IDENTIFY] Shard 0/1 with intents: 515
[12:26:10] / INFO / Universal / [Event.Debug] -> [WS => Shard 0] [READY] Session 7cbdfce63c510c543c17f0442eee1568.
[12:26:10] / INFO / Universal / [Event.Debug] -> [WS => Shard 0] [ReadyHeartbeat] Sending a heartbeat.
[12:26:10] / INFO / Universal / [Client.Start] -> Token Logged in!
[12:26:12] / INFO / Universal / [Event.Debug] -> [WS => Shard 0] Shard received all its guilds. Marking as fully ready.
[12:26:12] / INFO / Universal / [Event.Ready] -> Universal™#0597 is online!
[12:26:12] / INFO / Universal / [Event.Debug] -> [WS => Shard 0] Heartbeat acknowledged, latency of 1416ms.
[12:26:21] / INFO / Universal / [Handler.LoadCommands] -> 1 Commands Loaded!
[12:26:22] / INFO / Universal / [Handler.LoadCommands] -> 2 Commands Loaded!
[12:26:45] / INFO / Universal / [Event.Debug] -> [WS => Shard 0] [HeartbeatTimer] Sending a heartbeat.
[12:26:46] / INFO / Universal / [Event.Debug] -> [WS => Shard 0] Heartbeat acknowledged, latency of 423ms.
[12:27:26] / INFO / Universal / [Event.Debug] -> [WS => Shard 0] [HeartbeatTimer] Sending a heartbeat.
[12:27:27] / INFO / Universal / [Event.Debug] -> [WS => Shard 0] Heartbeat acknowledged, latency of 428ms.
[12:28:08] / INFO / Universal / [Event.Debug] -> [WS => Shard 0] [HeartbeatTimer] Sending a heartbeat.
[12:28:08] / INFO / Universal / [Event.Debug] -> [WS => Shard 0] Heartbeat acknowledged, latency of 415ms.
[12:28:49] / INFO / Universal / [Event.Debug] -> [WS => Shard 0] [HeartbeatTimer] Sending a heartbeat.
[12:28:49] / INFO / Universal / [Event.Debug] -> [WS => Shard 0] Heartbeat acknowledged, latency of 413ms.
