[12:30:16] / INFO / Universal / [Event.Debug] -> [WS => Manager] Fetched Gateway Information
    URL: wss://gateway.discord.gg
    Recommended Shards: 1
[12:30:16] / INFO / Universal / [Event.Debug] -> [WS => Manager] Session Limit Information
    Total: 1000
    Remaining: 956
[12:30:16] / INFO / Universal / [Event.Debug] -> [WS => Manager] Spawning shards: 0
[12:30:16] / INFO / Universal / [Event.Debug] -> [WS => Shard 0] [CONNECT]
    Gateway    : wss://gateway.discord.gg/
    Version    : 10
    Encoding   : json
    Compression: none
[12:30:16] / INFO / Universal / [Event.Debug] -> [WS => Shard 0] Setting a HELLO timeout for 20s.
[12:30:17] / INFO / Universal / [Handler.LoadCommands] -> 0 Commands Loaded!
[12:30:17] / INFO / Universal / [Event.Debug] -> [WS => Shard 0] [CONNECTED] Took 752ms
[12:30:17] / INFO / Universal / [Event.Debug] -> [WS => Shard 0] Clearing the HELLO timeout.
[12:30:17] / INFO / Universal / [Event.Debug] -> [WS => Shard 0] Setting a heartbeat interval for 41250ms.
[12:30:17] / INFO / Universal / [Event.Debug] -> [WS => Shard 0] [IDENTIFY] Shard 0/1 with intents: 515
[12:30:17] / INFO / Universal / [Event.Debug] -> [WS => Shard 0] [READY] Session ca90d1beaf2e32159f88af3257e17f30.
[12:30:17] / INFO / Universal / [Event.Debug] -> [WS => Shard 0] [ReadyHeartbeat] Sending a heartbeat.
[12:30:17] / INFO / Universal / [Client.Start] -> Token Logged in!
[12:30:19] / INFO / Universal / [Event.Debug] -> [WS => Shard 0] Shard received all its guilds. Marking as fully ready.
[12:30:19] / INFO / Universal / [Event.Ready] -> Universal™#0597 is online!
[12:30:19] / INFO / Universal / [Event.Debug] -> [WS => Shard 0] Heartbeat acknowledged, latency of 1400ms.
[12:30:58] / INFO / Universal / [Event.Debug] -> [WS => Shard 0] [HeartbeatTimer] Sending a heartbeat.
[12:30:58] / INFO / Universal / [Event.Debug] -> [WS => Shard 0] Heartbeat acknowledged, latency of 440ms.
[12:31:39] / INFO / Universal / [Event.Debug] -> [WS => Shard 0] [HeartbeatTimer] Sending a heartbeat.
[12:31:40] / INFO / Universal / [Event.Debug] -> [WS => Shard 0] Heartbeat acknowledged, latency of 426ms.
